#
# There is insufficient memory for the Java Runtime Environment to continue.
# Native memory allocation (malloc) failed to allocate 1715840 bytes for Chunk::new
# Possible reasons:
#   The system is out of physical RAM or swap space
#   The process is running with CompressedOops enabled, and the Java Heap may be blocking the growth of the native heap
# Possible solutions:
#   Reduce memory load on the system
#   Increase physical memory or swap space
#   Check if swap backing store is full
#   Decrease Java heap size (-Xmx/-Xms)
#   Decrease number of Java threads
#   Decrease Java thread stack sizes (-Xss)
#   Set larger code cache with -XX:ReservedCodeCacheSize=
#   JVM is running with Unscaled Compressed Oops mode in which the Java heap is
#     placed in the first 4GB address space. The Java Heap base address is the
#     maximum limit for the native heap growth. Please use -XX:HeapBaseMinAddress
#     to set the Java Heap base and to place the Java Heap above 4GB virtual address.
# This output file may be truncated or incomplete.
#
#  Out of Memory Error (arena.cpp:189), pid=29508, tid=33620
#
# JRE version: OpenJDK Runtime Environment (17.0.7) (build 17.0.7+0-b2043.56-10550314)
# Java VM: OpenJDK 64-Bit Server VM (17.0.7+0-b2043.56-10550314, mixed mode, tiered, compressed oops, compressed class ptrs, g1 gc, windows-amd64)
# No core dump will be written. Minidumps are not enabled by default on client versions of Windows
#

---------------  S U M M A R Y ------------

Command Line: --add-opens=java.base/java.util=ALL-UNNAMED --add-opens=java.base/java.lang=ALL-UNNAMED --add-opens=java.base/java.lang.invoke=ALL-UNNAMED --add-opens=java.prefs/java.util.prefs=ALL-UNNAMED --add-opens=java.base/java.nio.charset=ALL-UNNAMED --add-opens=java.base/java.net=ALL-UNNAMED --add-opens=java.base/java.util.concurrent.atomic=ALL-UNNAMED -Xmx2048m -Dfile.encoding=UTF-8 -Duser.country=ID -Duser.language=en -Duser.variant -javaagent:C:\Users\raiha\.gradle\wrapper\dists\gradle-8.2-bin\bbg7u40eoinfdyxsxr3z4i7ta\gradle-8.2\lib\agents\gradle-instrumentation-agent-8.2.jar org.gradle.launcher.daemon.bootstrap.GradleDaemon 8.2

Host: Intel(R) Core(TM) i5-10300H CPU @ 2.50GHz, 8 cores, 15G,  Windows 11 , 64 bit Build 22621 (10.0.22621.3527)
Time: Sat May 18 18:18:19 2024 Malay Peninsula Standard Time elapsed time: 4.068133 seconds (0d 0h 0m 4s)

---------------  T H R E A D  ---------------

Current thread (0x0000021d55e5e6a0):  JavaThread "C2 CompilerThread1" daemon [_thread_in_native, id=33620, stack(0x0000001e3c400000,0x0000001e3c500000)]


Current CompileTask:
C2:   4068 2189   !   4       java.lang.ClassLoader::loadClass (121 bytes)

Stack: [0x0000001e3c400000,0x0000001e3c500000]
Native frames: (J=compiled Java code, j=interpreted, Vv=VM code, C=native code)
V  [jvm.dll+0x683bfa]
V  [jvm.dll+0x8430a4]
V  [jvm.dll+0x8449be]
V  [jvm.dll+0x845023]
V  [jvm.dll+0x24ad2f]
V  [jvm.dll+0xac25c]
V  [jvm.dll+0xac82c]
V  [jvm.dll+0x36a187]
V  [jvm.dll+0x334821]
V  [jvm.dll+0x333cca]
V  [jvm.dll+0x21d251]
V  [jvm.dll+0x21c671]
V  [jvm.dll+0x1a605d]
V  [jvm.dll+0x22c148]
V  [jvm.dll+0x22a209]
V  [jvm.dll+0x7f858c]
V  [jvm.dll+0x7f2aea]
V  [jvm.dll+0x682a35]
C  [ucrtbase.dll+0x29333]
C  [KERNEL32.DLL+0x1257d]
C  [ntdll.dll+0x5aa48]


---------------  P R O C E S S  ---------------

Threads class SMR info:
_java_thread_list=0x0000021d564ca370, length=25, elements={
0x0000021d3523f270, 0x0000021d4f0a0650, 0x0000021d4f22ba90, 0x0000021d4f264510,
0x0000021d4f27f6e0, 0x0000021d4f281400, 0x0000021d4f275330, 0x0000021d4f275f20,
0x0000021d4f279d20, 0x0000021d4f27a620, 0x0000021d4f381fe0, 0x0000021d4f4cb640,
0x0000021d56268020, 0x0000021d56c07010, 0x0000021d55e5d020, 0x0000021d55e5e6a0,
0x0000021d55af6a80, 0x0000021d55af6f50, 0x0000021d54f8d5e0, 0x0000021d55de8bf0,
0x0000021d4fc49420, 0x0000021d4fc4b5d0, 0x0000021d4fc498f0, 0x0000021d4fc4bf70,
0x0000021d4fc4baa0
}

Java Threads: ( => current thread )
  0x0000021d3523f270 JavaThread "main" [_thread_blocked, id=35864, stack(0x0000001e3a900000,0x0000001e3aa00000)]
  0x0000021d4f0a0650 JavaThread "Reference Handler" daemon [_thread_blocked, id=1148, stack(0x0000001e3b000000,0x0000001e3b100000)]
  0x0000021d4f22ba90 JavaThread "Finalizer" daemon [_thread_blocked, id=27328, stack(0x0000001e3b100000,0x0000001e3b200000)]
  0x0000021d4f264510 JavaThread "Signal Dispatcher" daemon [_thread_blocked, id=27108, stack(0x0000001e3b200000,0x0000001e3b300000)]
  0x0000021d4f27f6e0 JavaThread "Attach Listener" daemon [_thread_blocked, id=1052, stack(0x0000001e3b300000,0x0000001e3b400000)]
  0x0000021d4f281400 JavaThread "Service Thread" daemon [_thread_blocked, id=12348, stack(0x0000001e3b400000,0x0000001e3b500000)]
  0x0000021d4f275330 JavaThread "Monitor Deflation Thread" daemon [_thread_blocked, id=27868, stack(0x0000001e3b500000,0x0000001e3b600000)]
  0x0000021d4f275f20 JavaThread "C2 CompilerThread0" daemon [_thread_blocked, id=23152, stack(0x0000001e3b600000,0x0000001e3b700000)]
  0x0000021d4f279d20 JavaThread "C1 CompilerThread0" daemon [_thread_blocked, id=36952, stack(0x0000001e3b700000,0x0000001e3b800000)]
  0x0000021d4f27a620 JavaThread "Sweeper thread" daemon [_thread_blocked, id=36672, stack(0x0000001e3b800000,0x0000001e3b900000)]
  0x0000021d4f381fe0 JavaThread "Common-Cleaner" daemon [_thread_blocked, id=14428, stack(0x0000001e3b900000,0x0000001e3ba00000)]
  0x0000021d4f4cb640 JavaThread "Notification Thread" daemon [_thread_blocked, id=35568, stack(0x0000001e3ba00000,0x0000001e3bb00000)]
  0x0000021d56268020 JavaThread "Daemon health stats" [_thread_blocked, id=31372, stack(0x0000001e3c300000,0x0000001e3c400000)]
  0x0000021d56c07010 JavaThread "Incoming local TCP Connector on port 49857" [_thread_in_native, id=37760, stack(0x0000001e3bc00000,0x0000001e3bd00000)]
  0x0000021d55e5d020 JavaThread "Daemon periodic checks" [_thread_blocked, id=6696, stack(0x0000001e3bd00000,0x0000001e3be00000)]
=>0x0000021d55e5e6a0 JavaThread "C2 CompilerThread1" daemon [_thread_in_native, id=33620, stack(0x0000001e3c400000,0x0000001e3c500000)]
  0x0000021d55af6a80 JavaThread "Daemon" [_thread_blocked, id=37636, stack(0x0000001e3c600000,0x0000001e3c700000)]
  0x0000021d55af6f50 JavaThread "Handler for socket connection from /127.0.0.1:49857 to /127.0.0.1:49858" [_thread_in_native, id=38756, stack(0x0000001e3c700000,0x0000001e3c800000)]
  0x0000021d54f8d5e0 JavaThread "Cancel handler" [_thread_blocked, id=19120, stack(0x0000001e3c800000,0x0000001e3c900000)]
  0x0000021d55de8bf0 JavaThread "Daemon worker" [_thread_in_vm, id=25504, stack(0x0000001e3c900000,0x0000001e3ca00000)]
  0x0000021d4fc49420 JavaThread "Asynchronous log dispatcher for DefaultDaemonConnection: socket connection from /127.0.0.1:49857 to /127.0.0.1:49858" [_thread_blocked, id=29364, stack(0x0000001e3ca00000,0x0000001e3cb00000)]
  0x0000021d4fc4b5d0 JavaThread "Stdin handler" [_thread_blocked, id=29048, stack(0x0000001e3cb00000,0x0000001e3cc00000)]
  0x0000021d4fc498f0 JavaThread "Daemon client event forwarder" [_thread_blocked, id=38008, stack(0x0000001e3cc00000,0x0000001e3cd00000)]
  0x0000021d4fc4bf70 JavaThread "Cache worker for journal cache (C:\Users\raiha\.gradle\caches\journal-1)" [_thread_blocked, id=28260, stack(0x0000001e3cf00000,0x0000001e3d000000)]
  0x0000021d4fc4baa0 JavaThread "File lock request listener" [_thread_in_native, id=9832, stack(0x0000001e3d000000,0x0000001e3d100000)]

Other Threads:
  0x0000021d4f09fed0 VMThread "VM Thread" [stack: 0x0000001e3af00000,0x0000001e3b000000] [id=30544]
  0x0000021d4f4cbb10 WatcherThread [stack: 0x0000001e3bb00000,0x0000001e3bc00000] [id=32996]
  0x0000021d3529ce90 GCTaskThread "GC Thread#0" [stack: 0x0000001e3aa00000,0x0000001e3ab00000] [id=17048]
  0x0000021d545e7a60 GCTaskThread "GC Thread#1" [stack: 0x0000001e3be00000,0x0000001e3bf00000] [id=35412]
  0x0000021d4fa8ae20 GCTaskThread "GC Thread#2" [stack: 0x0000001e3bf00000,0x0000001e3c000000] [id=33988]
  0x0000021d4fa8b0d0 GCTaskThread "GC Thread#3" [stack: 0x0000001e3c000000,0x0000001e3c100000] [id=26852]
  0x0000021d4fa8b380 GCTaskThread "GC Thread#4" [stack: 0x0000001e3c100000,0x0000001e3c200000] [id=13724]
  0x0000021d4fda2c00 GCTaskThread "GC Thread#5" [stack: 0x0000001e3c200000,0x0000001e3c300000] [id=14148]
  0x0000021d55e47980 GCTaskThread "GC Thread#6" [stack: 0x0000001e3c500000,0x0000001e3c600000] [id=32512]
  0x0000021d552b4bf0 GCTaskThread "GC Thread#7" [stack: 0x0000001e3cd00000,0x0000001e3ce00000] [id=20796]
  0x0000021d352af580 ConcurrentGCThread "G1 Main Marker" [stack: 0x0000001e3ab00000,0x0000001e3ac00000] [id=20276]
  0x0000021d352aff90 ConcurrentGCThread "G1 Conc#0" [stack: 0x0000001e3ac00000,0x0000001e3ad00000] [id=14084]
  0x0000021d55e44040 ConcurrentGCThread "G1 Conc#1" [stack: 0x0000001e3ce00000,0x0000001e3cf00000] [id=35384]
  0x0000021d4ef4c5c0 ConcurrentGCThread "G1 Refine#0" [stack: 0x0000001e3ad00000,0x0000001e3ae00000] [id=30032]
  0x0000021d4ef4cfe0 ConcurrentGCThread "G1 Service" [stack: 0x0000001e3ae00000,0x0000001e3af00000] [id=29200]

Threads with active compile tasks:
C2 CompilerThread1     4093 2189   !   4       java.lang.ClassLoader::loadClass (121 bytes)

VM state: not at safepoint (normal execution)

VM Mutex/Monitor currently owned by a thread: None

Heap address: 0x0000000080000000, size: 2048 MB, Compressed Oops mode: 32-bit

CDS archive(s) not mapped
Compressed class space mapped at: 0x0000000100000000-0x0000000140000000, reserved size: 1073741824
Narrow klass base: 0x0000000000000000, Narrow klass shift: 3, Narrow klass range: 0x140000000

GC Precious Log:
 CPUs: 8 total, 8 available
 Memory: 16219M
 Large Page Support: Disabled
 NUMA Support: Disabled
 Compressed Oops: Enabled (32-bit)
 Heap Region Size: 1M
 Heap Min Capacity: 8M
 Heap Initial Capacity: 254M
 Heap Max Capacity: 2G
 Pre-touch: Disabled
 Parallel Workers: 8
 Concurrent Workers: 2
 Concurrent Refinement Workers: 8
 Periodic GC: Disabled

Heap:
 garbage-first heap   total 68608K, used 37733K [0x0000000080000000, 0x0000000100000000)
  region size 1024K, 29 young (29696K), 8 survivors (8192K)
 Metaspace       used 24295K, committed 24576K, reserved 1114112K
  class space    used 3091K, committed 3200K, reserved 1048576K

Heap Regions: E=young(eden), S=young(survivor), O=old, HS=humongous(starts), HC=humongous(continues), CS=collection set, F=free, OA=open archive, CA=closed archive, TAMS=top-at-mark-start (previous, next)
|   0|0x0000000080000000, 0x0000000080100000, 0x0000000080100000|100%|HS|  |TAMS 0x0000000080100000, 0x0000000080000000| Complete 
|   1|0x0000000080100000, 0x0000000080200000, 0x0000000080200000|100%|HC|  |TAMS 0x0000000080200000, 0x0000000080100000| Complete 
|   2|0x0000000080200000, 0x0000000080300000, 0x0000000080300000|100%|HC|  |TAMS 0x0000000080300000, 0x0000000080200000| Complete 
|   3|0x0000000080300000, 0x0000000080400000, 0x0000000080400000|100%|HC|  |TAMS 0x0000000080400000, 0x0000000080300000| Complete 
|   4|0x0000000080400000, 0x0000000080500000, 0x0000000080500000|100%| O|  |TAMS 0x0000000080500000, 0x0000000080400000| Untracked 
|   5|0x0000000080500000, 0x0000000080600000, 0x0000000080600000|100%| O|  |TAMS 0x0000000080600000, 0x0000000080500000| Untracked 
|   6|0x0000000080600000, 0x0000000080700000, 0x0000000080700000|100%| O|  |TAMS 0x0000000080700000, 0x0000000080600000| Untracked 
|   7|0x0000000080700000, 0x0000000080800000, 0x0000000080800000|100%| O|  |TAMS 0x0000000080800000, 0x0000000080700000| Untracked 
|   8|0x0000000080800000, 0x0000000080800000, 0x0000000080900000|  0%| F|  |TAMS 0x0000000080800000, 0x0000000080800000| Untracked 
|   9|0x0000000080900000, 0x0000000080a00000, 0x0000000080a00000|100%| O|  |TAMS 0x0000000080a00000, 0x0000000080900000| Untracked 
|  10|0x0000000080a00000, 0x0000000080b00000, 0x0000000080b00000|100%| O|  |TAMS 0x0000000080b00000, 0x0000000080a00000| Untracked 
|  11|0x0000000080b00000, 0x0000000080b2b600, 0x0000000080c00000| 16%| O|  |TAMS 0x0000000080b2b600, 0x0000000080b00000| Complete 
|  12|0x0000000080c00000, 0x0000000080c00000, 0x0000000080d00000|  0%| F|  |TAMS 0x0000000080c00000, 0x0000000080c00000| Untracked 
|  13|0x0000000080d00000, 0x0000000080d00000, 0x0000000080e00000|  0%| F|  |TAMS 0x0000000080d00000, 0x0000000080d00000| Untracked 
|  14|0x0000000080e00000, 0x0000000080e00000, 0x0000000080f00000|  0%| F|  |TAMS 0x0000000080e00000, 0x0000000080e00000| Untracked 
|  15|0x0000000080f00000, 0x0000000080f00000, 0x0000000081000000|  0%| F|  |TAMS 0x0000000080f00000, 0x0000000080f00000| Untracked 
|  16|0x0000000081000000, 0x0000000081000000, 0x0000000081100000|  0%| F|  |TAMS 0x0000000081000000, 0x0000000081000000| Untracked 
|  17|0x0000000081100000, 0x0000000081100000, 0x0000000081200000|  0%| F|  |TAMS 0x0000000081100000, 0x0000000081100000| Untracked 
|  18|0x0000000081200000, 0x0000000081200000, 0x0000000081300000|  0%| F|  |TAMS 0x0000000081200000, 0x0000000081200000| Untracked 
|  19|0x0000000081300000, 0x0000000081300000, 0x0000000081400000|  0%| F|  |TAMS 0x0000000081300000, 0x0000000081300000| Untracked 
|  20|0x0000000081400000, 0x0000000081400000, 0x0000000081500000|  0%| F|  |TAMS 0x0000000081400000, 0x0000000081400000| Untracked 
|  21|0x0000000081500000, 0x0000000081500000, 0x0000000081600000|  0%| F|  |TAMS 0x0000000081500000, 0x0000000081500000| Untracked 
|  22|0x0000000081600000, 0x0000000081600000, 0x0000000081700000|  0%| F|  |TAMS 0x0000000081600000, 0x0000000081600000| Untracked 
|  23|0x0000000081700000, 0x0000000081700000, 0x0000000081800000|  0%| F|  |TAMS 0x0000000081700000, 0x0000000081700000| Untracked 
|  24|0x0000000081800000, 0x0000000081800000, 0x0000000081900000|  0%| F|  |TAMS 0x0000000081800000, 0x0000000081800000| Untracked 
|  25|0x0000000081900000, 0x0000000081900000, 0x0000000081a00000|  0%| F|  |TAMS 0x0000000081900000, 0x0000000081900000| Untracked 
|  26|0x0000000081a00000, 0x0000000081a00000, 0x0000000081b00000|  0%| F|  |TAMS 0x0000000081a00000, 0x0000000081a00000| Untracked 
|  27|0x0000000081b00000, 0x0000000081b00000, 0x0000000081c00000|  0%| F|  |TAMS 0x0000000081b00000, 0x0000000081b00000| Untracked 
|  28|0x0000000081c00000, 0x0000000081c00000, 0x0000000081d00000|  0%| F|  |TAMS 0x0000000081c00000, 0x0000000081c00000| Untracked 
|  29|0x0000000081d00000, 0x0000000081d00000, 0x0000000081e00000|  0%| F|  |TAMS 0x0000000081d00000, 0x0000000081d00000| Untracked 
|  30|0x0000000081e00000, 0x0000000081e00000, 0x0000000081f00000|  0%| F|  |TAMS 0x0000000081e00000, 0x0000000081e00000| Untracked 
|  31|0x0000000081f00000, 0x0000000081f00000, 0x0000000082000000|  0%| F|  |TAMS 0x0000000081f00000, 0x0000000081f00000| Untracked 
|  32|0x0000000082000000, 0x0000000082000000, 0x0000000082100000|  0%| F|  |TAMS 0x0000000082000000, 0x0000000082000000| Untracked 
|  33|0x0000000082100000, 0x0000000082100000, 0x0000000082200000|  0%| F|  |TAMS 0x0000000082100000, 0x0000000082100000| Untracked 
|  34|0x0000000082200000, 0x0000000082200000, 0x0000000082300000|  0%| F|  |TAMS 0x0000000082200000, 0x0000000082200000| Untracked 
|  35|0x0000000082300000, 0x0000000082300000, 0x0000000082400000|  0%| F|  |TAMS 0x0000000082300000, 0x0000000082300000| Untracked 
|  36|0x0000000082400000, 0x0000000082400000, 0x0000000082500000|  0%| F|  |TAMS 0x0000000082400000, 0x0000000082400000| Untracked 
|  37|0x0000000082500000, 0x0000000082500000, 0x0000000082600000|  0%| F|  |TAMS 0x0000000082500000, 0x0000000082500000| Untracked 
|  38|0x0000000082600000, 0x0000000082632c80, 0x0000000082700000| 19%| E|  |TAMS 0x0000000082600000, 0x0000000082600000| Complete 
|  39|0x0000000082700000, 0x0000000082800000, 0x0000000082800000|100%| E|CS|TAMS 0x0000000082700000, 0x0000000082700000| Complete 
|  40|0x0000000082800000, 0x0000000082900000, 0x0000000082900000|100%| E|CS|TAMS 0x0000000082800000, 0x0000000082800000| Complete 
|  41|0x0000000082900000, 0x0000000082a00000, 0x0000000082a00000|100%| E|CS|TAMS 0x0000000082900000, 0x0000000082900000| Complete 
|  42|0x0000000082a00000, 0x0000000082b00000, 0x0000000082b00000|100%| E|CS|TAMS 0x0000000082a00000, 0x0000000082a00000| Complete 
|  43|0x0000000082b00000, 0x0000000082c00000, 0x0000000082c00000|100%| E|CS|TAMS 0x0000000082b00000, 0x0000000082b00000| Complete 
|  44|0x0000000082c00000, 0x0000000082d00000, 0x0000000082d00000|100%| E|  |TAMS 0x0000000082c00000, 0x0000000082c00000| Complete 
|  45|0x0000000082d00000, 0x0000000082e00000, 0x0000000082e00000|100%| E|CS|TAMS 0x0000000082d00000, 0x0000000082d00000| Complete 
|  46|0x0000000082e00000, 0x0000000082f00000, 0x0000000082f00000|100%| E|CS|TAMS 0x0000000082e00000, 0x0000000082e00000| Complete 
|  47|0x0000000082f00000, 0x0000000083000000, 0x0000000083000000|100%| E|CS|TAMS 0x0000000082f00000, 0x0000000082f00000| Complete 
|  48|0x0000000083000000, 0x0000000083100000, 0x0000000083100000|100%| E|CS|TAMS 0x0000000083000000, 0x0000000083000000| Complete 
|  49|0x0000000083100000, 0x0000000083200000, 0x0000000083200000|100%| E|CS|TAMS 0x0000000083100000, 0x0000000083100000| Complete 
|  50|0x0000000083200000, 0x0000000083300000, 0x0000000083300000|100%| E|CS|TAMS 0x0000000083200000, 0x0000000083200000| Complete 
|  51|0x0000000083300000, 0x0000000083400000, 0x0000000083400000|100%| E|CS|TAMS 0x0000000083300000, 0x0000000083300000| Complete 
|  52|0x0000000083400000, 0x0000000083500000, 0x0000000083500000|100%| E|CS|TAMS 0x0000000083400000, 0x0000000083400000| Complete 
|  53|0x0000000083500000, 0x0000000083600000, 0x0000000083600000|100%| E|CS|TAMS 0x0000000083500000, 0x0000000083500000| Complete 
|  54|0x0000000083600000, 0x0000000083700000, 0x0000000083700000|100%| E|CS|TAMS 0x0000000083600000, 0x0000000083600000| Complete 
|  55|0x0000000083700000, 0x0000000083800000, 0x0000000083800000|100%| E|CS|TAMS 0x0000000083700000, 0x0000000083700000| Complete 
|  56|0x0000000083800000, 0x0000000083900000, 0x0000000083900000|100%| E|CS|TAMS 0x0000000083800000, 0x0000000083800000| Complete 
|  57|0x0000000083900000, 0x0000000083a00000, 0x0000000083a00000|100%| E|CS|TAMS 0x0000000083900000, 0x0000000083900000| Complete 
| 198|0x000000008c600000, 0x000000008c6ade38, 0x000000008c700000| 67%| S|CS|TAMS 0x000000008c600000, 0x000000008c600000| Complete 
| 199|0x000000008c700000, 0x000000008c800000, 0x000000008c800000|100%| S|CS|TAMS 0x000000008c700000, 0x000000008c700000| Complete 
| 200|0x000000008c800000, 0x000000008c900000, 0x000000008c900000|100%| S|CS|TAMS 0x000000008c800000, 0x000000008c800000| Complete 
| 201|0x000000008c900000, 0x000000008ca00000, 0x000000008ca00000|100%| S|CS|TAMS 0x000000008c900000, 0x000000008c900000| Complete 
| 202|0x000000008ca00000, 0x000000008cb00000, 0x000000008cb00000|100%| S|CS|TAMS 0x000000008ca00000, 0x000000008ca00000| Complete 
| 203|0x000000008cb00000, 0x000000008cc00000, 0x000000008cc00000|100%| S|CS|TAMS 0x000000008cb00000, 0x000000008cb00000| Complete 
| 204|0x000000008cc00000, 0x000000008cd00000, 0x000000008cd00000|100%| S|CS|TAMS 0x000000008cc00000, 0x000000008cc00000| Complete 
| 205|0x000000008cd00000, 0x000000008ce00000, 0x000000008ce00000|100%| S|CS|TAMS 0x000000008cd00000, 0x000000008cd00000| Complete 
| 253|0x000000008fd00000, 0x000000008fe00000, 0x000000008fe00000|100%| E|CS|TAMS 0x000000008fd00000, 0x000000008fd00000| Complete 

Card table byte_map: [0x0000021d47e40000,0x0000021d48240000] _byte_map_base: 0x0000021d47a40000

Marking Bits (Prev, Next): (CMBitMap*) 0x0000021d3529e4f0, (CMBitMap*) 0x0000021d3529e4b0
 Prev Bits: [0x0000021d4a640000, 0x0000021d4c640000)
 Next Bits: [0x0000021d48640000, 0x0000021d4a640000)

Polling page: 0x0000021d33190000

Metaspace:

Usage:
  Non-class:     20.73 MB used.
      Class:      3.02 MB used.
       Both:     23.75 MB used.

Virtual space:
  Non-class space:       64.00 MB reserved,      20.88 MB ( 33%) committed,  1 nodes.
      Class space:        1.00 GB reserved,       3.19 MB ( <1%) committed,  1 nodes.
             Both:        1.06 GB reserved,      24.06 MB (  2%) committed. 

Chunk freelists:
   Non-Class:  10.92 MB
       Class:  12.67 MB
        Both:  23.59 MB

MaxMetaspaceSize: unlimited
CompressedClassSpaceSize: 1.00 GB
Initial GC threshold: 21.00 MB
Current GC threshold: 35.12 MB
CDS: off
MetaspaceReclaimPolicy: balanced
 - commit_granule_bytes: 65536.
 - commit_granule_words: 8192.
 - virtual_space_node_default_size: 8388608.
 - enlarge_chunks_in_place: 1.
 - new_chunks_are_fully_committed: 0.
 - uncommit_free_chunks: 1.
 - use_allocation_guard: 0.
 - handle_deallocations: 1.


Internal statistics:

num_allocs_failed_limit: 3.
num_arena_births: 194.
num_arena_deaths: 0.
num_vsnodes_births: 2.
num_vsnodes_deaths: 0.
num_space_committed: 386.
num_space_uncommitted: 0.
num_chunks_returned_to_freelist: 3.
num_chunks_taken_from_freelist: 712.
num_chunk_merges: 3.
num_chunk_splits: 471.
num_chunks_enlarged: 344.
num_inconsistent_stats: 0.

CodeHeap 'non-profiled nmethods': size=120000Kb used=1222Kb max_used=1222Kb free=118777Kb
 bounds [0x0000021d401e0000, 0x0000021d40450000, 0x0000021d47710000]
CodeHeap 'profiled nmethods': size=120000Kb used=4528Kb max_used=4528Kb free=115471Kb
 bounds [0x0000021d38710000, 0x0000021d38b80000, 0x0000021d3fc40000]
CodeHeap 'non-nmethods': size=5760Kb used=1218Kb max_used=1286Kb free=4541Kb
 bounds [0x0000021d3fc40000, 0x0000021d3feb0000, 0x0000021d401e0000]
 total_blobs=2764 nmethods=2233 adapters=444
 compilation: enabled
              stopped_count=0, restarted_count=0
 full_count=0

Compilation events (20 events):
Event: 4.009 Thread 0x0000021d4f279d20 2201       1       sun.reflect.generics.repository.AbstractRepository::getFactory (5 bytes)
Event: 4.009 Thread 0x0000021d4f279d20 nmethod 2201 0x0000021d4030cb10 code [0x0000021d4030cca0, 0x0000021d4030cd78]
Event: 4.013 Thread 0x0000021d4f275f20 nmethod 2190 0x0000021d4030ce10 code [0x0000021d4030d020, 0x0000021d4030e728]
Event: 4.023 Thread 0x0000021d4f275f20 2202       4       java.lang.String::startsWith (7 bytes)
Event: 4.028 Thread 0x0000021d4f275f20 nmethod 2202 0x0000021d4030f390 code [0x0000021d4030f520, 0x0000021d4030f798]
Event: 4.040 Thread 0x0000021d4f279d20 2203   !   3       org.gradle.internal.classloader.TransformingClassLoader::findClass (203 bytes)
Event: 4.043 Thread 0x0000021d4f279d20 nmethod 2203 0x0000021d38b66c90 code [0x0000021d38b67160, 0x0000021d38b69458]
Event: 4.043 Thread 0x0000021d4f279d20 2204       3       org.gradle.initialization.MixInLegacyTypesClassLoader::shouldTransform (42 bytes)
Event: 4.043 Thread 0x0000021d4f279d20 nmethod 2204 0x0000021d38b6a410 code [0x0000021d38b6a5e0, 0x0000021d38b6a9b8]
Event: 4.056 Thread 0x0000021d4f279d20 2205       3       jdk.internal.reflect.ReflectionFactory::copyConstructor (11 bytes)
Event: 4.057 Thread 0x0000021d4f279d20 nmethod 2205 0x0000021d38b6ab90 code [0x0000021d38b6ad40, 0x0000021d38b6af28]
Event: 4.057 Thread 0x0000021d4f279d20 2206       3       java.lang.reflect.ReflectAccess::copyConstructor (5 bytes)
Event: 4.057 Thread 0x0000021d4f279d20 nmethod 2206 0x0000021d38b6b090 code [0x0000021d38b6b240, 0x0000021d38b6b388]
Event: 4.057 Thread 0x0000021d4f279d20 2207       3       java.lang.reflect.Constructor::copy (72 bytes)
Event: 4.057 Thread 0x0000021d4f279d20 nmethod 2207 0x0000021d38b6b490 code [0x0000021d38b6b660, 0x0000021d38b6ba18]
Event: 4.059 Thread 0x0000021d4f275f20 2208       4       jdk.internal.perf.PerfCounter::addElapsedTimeFrom (10 bytes)
Event: 4.060 Thread 0x0000021d4f279d20 2209       3       java.lang.Class::privateGetDeclaredConstructors (79 bytes)
Event: 4.061 Thread 0x0000021d4f279d20 nmethod 2209 0x0000021d38b6bb10 code [0x0000021d38b6bd00, 0x0000021d38b6c248]
Event: 4.062 Thread 0x0000021d4f275f20 nmethod 2208 0x0000021d4030f990 code [0x0000021d4030fb00, 0x0000021d4030fd58]
Event: 4.063 Thread 0x0000021d4f275f20 2210       4       java.util.concurrent.ConcurrentHashMap::get (162 bytes)

GC Heap History (6 events):
Event: 1.130 GC heap before
{Heap before GC invocations=0 (full 0):
 garbage-first heap   total 260096K, used 26624K [0x0000000080000000, 0x0000000100000000)
  region size 1024K, 23 young (23552K), 0 survivors (0K)
 Metaspace       used 10476K, committed 10624K, reserved 1114112K
  class space    used 1091K, committed 1152K, reserved 1048576K
}
Event: 1.146 GC heap after
{Heap after GC invocations=1 (full 0):
 garbage-first heap   total 260096K, used 10453K [0x0000000080000000, 0x0000000100000000)
  region size 1024K, 3 young (3072K), 3 survivors (3072K)
 Metaspace       used 10476K, committed 10624K, reserved 1114112K
  class space    used 1091K, committed 1152K, reserved 1048576K
}
Event: 1.757 GC heap before
{Heap before GC invocations=1 (full 0):
 garbage-first heap   total 260096K, used 38101K [0x0000000080000000, 0x0000000100000000)
  region size 1024K, 30 young (30720K), 3 survivors (3072K)
 Metaspace       used 11438K, committed 11648K, reserved 1114112K
  class space    used 1196K, committed 1280K, reserved 1048576K
}
Event: 1.773 GC heap after
{Heap after GC invocations=2 (full 0):
 garbage-first heap   total 260096K, used 12543K [0x0000000080000000, 0x0000000100000000)
  region size 1024K, 3 young (3072K), 3 survivors (3072K)
 Metaspace       used 11438K, committed 11648K, reserved 1114112K
  class space    used 1196K, committed 1280K, reserved 1048576K
}
Event: 3.556 GC heap before
{Heap before GC invocations=2 (full 0):
 garbage-first heap   total 260096K, used 57599K [0x0000000080000000, 0x0000000100000000)
  region size 1024K, 48 young (49152K), 3 survivors (3072K)
 Metaspace       used 21319K, committed 21504K, reserved 1114112K
  class space    used 2575K, committed 2688K, reserved 1048576K
}
Event: 3.563 GC heap after
{Heap after GC invocations=3 (full 0):
 garbage-first heap   total 260096K, used 18277K [0x0000000080000000, 0x0000000100000000)
  region size 1024K, 8 young (8192K), 8 survivors (8192K)
 Metaspace       used 21319K, committed 21504K, reserved 1114112K
  class space    used 2575K, committed 2688K, reserved 1048576K
}

Dll operation events (3 events):
Event: 0.015 Loaded shared library C:\Program Files\Android\Android Studio\jbr\bin\java.dll
Event: 0.215 Loaded shared library C:\Program Files\Android\Android Studio\jbr\bin\zip.dll
Event: 0.675 Loaded shared library C:\Program Files\Android\Android Studio\jbr\bin\verify.dll

Deoptimization events (20 events):
Event: 3.409 Thread 0x0000021d55de8bf0 Uncommon trap: trap_request=0xffffff45 fr.pc=0x0000021d4021b7c4 relative=0x0000000000000404
Event: 3.409 Thread 0x0000021d55de8bf0 Uncommon trap: reason=unstable_if action=reinterpret pc=0x0000021d4021b7c4 method=java.util.HashMap.getNode(Ljava/lang/Object;)Ljava/util/HashMap$Node; @ 66 c2
Event: 3.409 Thread 0x0000021d55de8bf0 DEOPT PACKING pc=0x0000021d4021b7c4 sp=0x0000001e3c9fbeb0
Event: 3.409 Thread 0x0000021d55de8bf0 DEOPT UNPACKING pc=0x0000021d3fc969a3 sp=0x0000001e3c9fbe30 mode 2
Event: 3.424 Thread 0x0000021d55de8bf0 Uncommon trap: trap_request=0xffffff45 fr.pc=0x0000021d402965a4 relative=0x00000000000003e4
Event: 3.424 Thread 0x0000021d55de8bf0 Uncommon trap: reason=unstable_if action=reinterpret pc=0x0000021d402965a4 method=java.util.concurrent.ConcurrentHashMap.get(Ljava/lang/Object;)Ljava/lang/Object; @ 76 c2
Event: 3.424 Thread 0x0000021d55de8bf0 DEOPT PACKING pc=0x0000021d402965a4 sp=0x0000001e3c9fb3a0
Event: 3.424 Thread 0x0000021d55de8bf0 DEOPT UNPACKING pc=0x0000021d3fc969a3 sp=0x0000001e3c9fb318 mode 2
Event: 3.818 Thread 0x0000021d55de8bf0 Uncommon trap: trap_request=0xffffff45 fr.pc=0x0000021d4026a5fc relative=0x000000000000075c
Event: 3.818 Thread 0x0000021d55de8bf0 Uncommon trap: reason=unstable_if action=reinterpret pc=0x0000021d4026a5fc method=java.util.ArrayList.grow(I)[Ljava/lang/Object; @ 17 c2
Event: 3.818 Thread 0x0000021d55de8bf0 DEOPT PACKING pc=0x0000021d4026a5fc sp=0x0000001e3c9fcb20
Event: 3.818 Thread 0x0000021d55de8bf0 DEOPT UNPACKING pc=0x0000021d3fc969a3 sp=0x0000001e3c9fc9b8 mode 2
Event: 3.849 Thread 0x0000021d55de8bf0 Uncommon trap: trap_request=0xffffff45 fr.pc=0x0000021d401ffde8 relative=0x0000000000000ae8
Event: 3.849 Thread 0x0000021d55de8bf0 Uncommon trap: reason=unstable_if action=reinterpret pc=0x0000021d401ffde8 method=java.io.WinNTFileSystem.resolve(Ljava/lang/String;Ljava/lang/String;)Ljava/lang/String; @ 19 c2
Event: 3.849 Thread 0x0000021d55de8bf0 DEOPT PACKING pc=0x0000021d401ffde8 sp=0x0000001e3c9fca00
Event: 3.849 Thread 0x0000021d55de8bf0 DEOPT UNPACKING pc=0x0000021d3fc969a3 sp=0x0000001e3c9fc9a8 mode 2
Event: 3.851 Thread 0x0000021d55de8bf0 Uncommon trap: trap_request=0xffffff45 fr.pc=0x0000021d4025cd28 relative=0x0000000000000608
Event: 3.851 Thread 0x0000021d55de8bf0 Uncommon trap: reason=unstable_if action=reinterpret pc=0x0000021d4025cd28 method=java.io.File.getName()Ljava/lang/String; @ 16 c2
Event: 3.851 Thread 0x0000021d55de8bf0 DEOPT PACKING pc=0x0000021d4025cd28 sp=0x0000001e3c9fc9a0
Event: 3.851 Thread 0x0000021d55de8bf0 DEOPT UNPACKING pc=0x0000021d3fc969a3 sp=0x0000001e3c9fc970 mode 2

Classes unloaded (0 events):
No events

Classes redefined (0 events):
No events

Internal exceptions (20 events):
Event: 2.366 Thread 0x0000021d3523f270 Exception <a 'java/lang/NoSuchMethodError'{0x000000008e782b08}: 'java.lang.Object java.lang.invoke.DirectMethodHandle$Holder.invokeStaticInit(java.lang.Object, int, int, int, int)'> (0x000000008e782b08) 
thrown [s\src\hotspot\share\interpreter\linkResolver.cpp, line 771]
Event: 2.541 Thread 0x0000021d3523f270 Exception <a 'java/lang/NoSuchMethodError'{0x000000008e627470}: 'java.lang.Object java.lang.invoke.DirectMethodHandle$Holder.invokeStaticInit(java.lang.Object, java.lang.Object, int, int, int, int)'> (0x000000008e627470) 
thrown [s\src\hotspot\share\interpreter\linkResolver.cpp, line 771]
Event: 3.038 Thread 0x0000021d3523f270 Exception <a 'java/lang/NoSuchMethodError'{0x000000008e5a52f0}: 'void java.lang.invoke.DirectMethodHandle$Holder.invokeStatic(java.lang.Object, java.lang.Object, java.lang.Object)'> (0x000000008e5a52f0) 
thrown [s\src\hotspot\share\interpreter\linkResolver.cpp, line 771]
Event: 3.065 Thread 0x0000021d3523f270 Exception <a 'java/io/IOException'{0x000000008e45ff40}> (0x000000008e45ff40) 
thrown [s\src\hotspot\share\prims\jni.cpp, line 517]
Event: 3.292 Thread 0x0000021d55de8bf0 Exception <a 'java/lang/NoSuchMethodError'{0x000000008d99e0f8}: 'long java.lang.invoke.DirectMethodHandle$Holder.invokeInterface(java.lang.Object, java.lang.Object)'> (0x000000008d99e0f8) 
thrown [s\src\hotspot\share\interpreter\linkResolver.cpp, line 771]
Event: 3.298 Thread 0x0000021d55de8bf0 Exception <a 'java/lang/NoSuchMethodError'{0x000000008d9d5de8}: 'java.lang.Object java.lang.invoke.DirectMethodHandle$Holder.invokeVirtual(java.lang.Object, java.lang.Object, java.lang.Object)'> (0x000000008d9d5de8) 
thrown [s\src\hotspot\share\interpreter\linkResolver.cpp, line 771]
Event: 3.378 Thread 0x0000021d55de8bf0 Exception <a 'java/lang/NoSuchMethodError'{0x000000008d57e010}: 'void java.lang.invoke.DirectMethodHandle$Holder.invokeStatic(java.lang.Object, java.lang.Object)'> (0x000000008d57e010) 
thrown [s\src\hotspot\share\interpreter\linkResolver.cpp, line 771]
Event: 3.418 Thread 0x0000021d55de8bf0 Exception <a 'java/lang/NoSuchMethodError'{0x000000008d3267a0}: 'java.lang.Object java.lang.invoke.DirectMethodHandle$Holder.newInvokeSpecial(java.lang.Object, java.lang.Object, java.lang.Object, java.lang.Object, java.lang.Object)'> (0x000000008d3267a0) 
thrown [s\src\hotspot\share\interpreter\linkResolver.cpp, line 771]
Event: 3.459 Thread 0x0000021d55de8bf0 Exception <a 'java/lang/NoSuchMethodError'{0x000000008d146c00}: 'void java.lang.invoke.DirectMethodHandle$Holder.invokeSpecial(java.lang.Object, java.lang.Object, java.lang.Object)'> (0x000000008d146c00) 
thrown [s\src\hotspot\share\interpreter\linkResolver.cpp, line 771]
Event: 3.480 Thread 0x0000021d55de8bf0 Exception <a 'java/lang/NoSuchMethodError'{0x000000008d1e1370}: 'java.lang.Object java.lang.invoke.DirectMethodHandle$Holder.newInvokeSpecial(java.lang.Object, java.lang.Object, java.lang.Object, java.lang.Object, java.lang.Object, java.lang.Object)'> (0x000000008d1e1370) 
thrown [s\src\hotspot\share\interpreter\linkResolver.cpp, line 771]
Event: 3.483 Thread 0x0000021d55de8bf0 Exception <a 'java/lang/NoSuchMethodError'{0x000000008d1f8e78}: 'void java.lang.invoke.DirectMethodHandle$Holder.invokeSpecial(java.lang.Object, java.lang.Object, java.lang.Object, java.lang.Object, java.lang.Object)'> (0x000000008d1f8e78) 
thrown [s\src\hotspot\share\interpreter\linkResolver.cpp, line 771]
Event: 3.485 Thread 0x0000021d55de8bf0 Exception <a 'java/lang/NoSuchMethodError'{0x000000008d00d1b0}: 'void java.lang.invoke.DirectMethodHandle$Holder.invokeStaticInit(java.lang.Object, java.lang.Object)'> (0x000000008d00d1b0) 
thrown [s\src\hotspot\share\interpreter\linkResolver.cpp, line 771]
Event: 3.582 Thread 0x0000021d55de8bf0 Exception <a 'java/lang/NoSuchMethodError'{0x000000008fd75a78}: 'void java.lang.invoke.DelegatingMethodHandle$Holder.reinvoke_L(java.lang.Object, java.lang.Object, java.lang.Object, java.lang.Object, java.lang.Object, java.lang.Object, java.lang.Object, java.lang.Object, java.lang.Object, java.lang.Object)'> (0x000000008fd75a78) 
thrown [s\src\hotspot\share\interpreter\linkResolver.cpp, line 771]
Event: 3.582 Thread 0x0000021d55de8bf0 Exception <a 'java/lang/NoSuchMethodError'{0x000000008fd7e028}: 'java.lang.Object java.lang.invoke.DirectMethodHandle$Holder.invokeSpecial(java.lang.Object, java.lang.Object, java.lang.Object, java.lang.Object, java.lang.Object, java.lang.Object, java.lang.Object, java.lang.Object, java.lang.Object, java.lang.Object)'> (0x000000008fd7e028) 
thrown [s\src\hotspot\share\interpreter\linkResolver.cpp, line 771]
Event: 3.583 Thread 0x0000021d55de8bf0 Exception <a 'java/lang/NoSuchMethodError'{0x000000008fd828f8}: 'java.lang.Object java.lang.invoke.Invokers$Holder.invoker(java.lang.Object, java.lang.Object, java.lang.Object, java.lang.Object, java.lang.Object, java.lang.Object, java.lang.Object, java.lang.Object, java.lang.Object, java.lang.Object)'> (0x000000008fd828f8) 
thrown [s\src\hotspot\share\interpreter\linkResolver.cpp, line 771]
Event: 3.583 Thread 0x0000021d55de8bf0 Exception <a 'java/lang/NoSuchMethodError'{0x000000008fd88500}: 'java.lang.Object java.lang.invoke.DirectMethodHandle$Holder.invokeSpecial(java.lang.Object, java.lang.Object, java.lang.Object, java.lang.Object, java.lang.Object, java.lang.Object, java.lang.Object, java.lang.Object, java.lang.Object, java.lang.Object, java.lang.Object)'> (0x000000008fd88500) 
thrown [s\src\hotspot\share\interpreter\linkResolver.cpp, line 771]
Event: 3.754 Thread 0x0000021d55de8bf0 Exception <a 'java/lang/NoSuchMethodError'{0x000000008345b3c0}: 'void java.lang.invoke.DirectMethodHandle$Holder.invokeStaticInit(java.lang.Object)'> (0x000000008345b3c0) 
thrown [s\src\hotspot\share\interpreter\linkResolver.cpp, line 771]
Event: 3.772 Thread 0x0000021d55de8bf0 Exception <a 'java/lang/NoSuchMethodError'{0x000000008330c4f8}: 'java.lang.Object java.lang.invoke.DirectMethodHandle$Holder.newInvokeSpecial(java.lang.Object, java.lang.Object, java.lang.Object, int)'> (0x000000008330c4f8) 
thrown [s\src\hotspot\share\interpreter\linkResolver.cpp, line 771]
Event: 3.773 Thread 0x0000021d55de8bf0 Exception <a 'java/lang/NoSuchMethodError'{0x0000000083310e28}: 'java.lang.Object java.lang.invoke.DirectMethodHandle$Holder.invokeSpecial(java.lang.Object, java.lang.Object, java.lang.Object, java.lang.Object, int)'> (0x0000000083310e28) 
thrown [s\src\hotspot\share\interpreter\linkResolver.cpp, line 771]
Event: 3.774 Thread 0x0000021d55de8bf0 Exception <a 'java/lang/NoSuchMethodError'{0x0000000083314f40}: 'java.lang.Object java.lang.invoke.Invokers$Holder.linkToTargetMethod(java.lang.Object, java.lang.Object, int, java.lang.Object)'> (0x0000000083314f40) 
thrown [s\src\hotspot\share\interpreter\linkResolver.cpp, line 771]

VM Operations (20 events):
Event: 2.534 Executing VM operation: HandshakeAllThreads
Event: 2.534 Executing VM operation: HandshakeAllThreads done
Event: 3.037 Executing VM operation: HandshakeAllThreads
Event: 3.037 Executing VM operation: HandshakeAllThreads done
Event: 3.037 Executing VM operation: Cleanup
Event: 3.037 Executing VM operation: Cleanup done
Event: 3.118 Executing VM operation: HandshakeAllThreads
Event: 3.118 Executing VM operation: HandshakeAllThreads done
Event: 3.531 Executing VM operation: HandshakeAllThreads
Event: 3.531 Executing VM operation: HandshakeAllThreads done
Event: 3.556 Executing VM operation: CollectForMetadataAllocation
Event: 3.563 Executing VM operation: CollectForMetadataAllocation done
Event: 3.572 Executing VM operation: G1Concurrent
Event: 3.575 Executing VM operation: G1Concurrent done
Event: 3.577 Executing VM operation: G1Concurrent
Event: 3.578 Executing VM operation: G1Concurrent done
Event: 3.895 Executing VM operation: HandshakeAllThreads
Event: 3.895 Executing VM operation: HandshakeAllThreads done
Event: 3.895 Executing VM operation: HandshakeAllThreads
Event: 3.895 Executing VM operation: HandshakeAllThreads done

Events (20 events):
Event: 3.784 loading class sun/nio/ch/DatagramSocketAdaptor$DatagramPackets
Event: 3.784 loading class sun/nio/ch/DatagramSocketAdaptor$DatagramPackets done
Event: 3.792 loading class java/lang/Character$CharacterCache
Event: 3.792 loading class java/lang/Character$CharacterCache done
Event: 3.850 loading class java/io/File$TempDirectory
Event: 3.850 loading class java/io/File$TempDirectory done
Event: 3.856 loading class java/io/PrintWriter
Event: 3.856 loading class java/io/PrintWriter done
Event: 3.863 loading class java/io/UncheckedIOException
Event: 3.864 loading class java/io/UncheckedIOException done
Event: 3.867 loading class java/util/zip/CheckedInputStream
Event: 3.868 loading class java/util/zip/CheckedInputStream done
Event: 3.869 loading class java/nio/file/FileVisitor
Event: 3.869 loading class java/nio/file/FileVisitor done
Event: 3.870 loading class java/io/FilenameFilter
Event: 3.870 loading class java/io/FilenameFilter done
Event: 4.025 loading class java/security/InvalidKeyException
Event: 4.025 loading class java/security/KeyException
Event: 4.026 loading class java/security/KeyException done
Event: 4.026 loading class java/security/InvalidKeyException done


Dynamic libraries:
0x00007ff6b5940000 - 0x00007ff6b594a000 	C:\Program Files\Android\Android Studio\jbr\bin\java.exe
0x00007ffb6efb0000 - 0x00007ffb6f1c7000 	C:\Windows\SYSTEM32\ntdll.dll
0x00007ffb6dcf0000 - 0x00007ffb6ddb4000 	C:\Windows\System32\KERNEL32.DLL
0x00007ffb6c760000 - 0x00007ffb6cb07000 	C:\Windows\System32\KERNELBASE.dll
0x00007ffb6c2d0000 - 0x00007ffb6c3e1000 	C:\Windows\System32\ucrtbase.dll
0x00007ffb59470000 - 0x00007ffb59487000 	C:\Program Files\Android\Android Studio\jbr\bin\jli.dll
0x00007ffb54450000 - 0x00007ffb5446b000 	C:\Program Files\Android\Android Studio\jbr\bin\VCRUNTIME140.dll
0x00007ffb6d3e0000 - 0x00007ffb6d58e000 	C:\Windows\System32\USER32.dll
0x00007ffb6cb10000 - 0x00007ffb6cb36000 	C:\Windows\System32\win32u.dll
0x00007ffb5c340000 - 0x00007ffb5c5d3000 	C:\Windows\WinSxS\amd64_microsoft.windows.common-controls_6595b64144ccf1df_6.0.22621.3527_none_270e469b73872a76\COMCTL32.dll
0x00007ffb6df00000 - 0x00007ffb6df29000 	C:\Windows\System32\GDI32.dll
0x00007ffb6d810000 - 0x00007ffb6d8b7000 	C:\Windows\System32\msvcrt.dll
0x00007ffb6cbc0000 - 0x00007ffb6ccd9000 	C:\Windows\System32\gdi32full.dll
0x00007ffb6c520000 - 0x00007ffb6c5ba000 	C:\Windows\System32\msvcp_win.dll
0x00007ffb6cce0000 - 0x00007ffb6cd11000 	C:\Windows\System32\IMM32.DLL
0x00007ffb65eb0000 - 0x00007ffb65ebc000 	C:\Program Files\Android\Android Studio\jbr\bin\vcruntime140_1.dll
0x00007ffb2e780000 - 0x00007ffb2e80d000 	C:\Program Files\Android\Android Studio\jbr\bin\msvcp140.dll
0x00007ffaf8fb0000 - 0x00007ffaf9c30000 	C:\Program Files\Android\Android Studio\jbr\bin\server\jvm.dll
0x00007ffb6e630000 - 0x00007ffb6e6e2000 	C:\Windows\System32\ADVAPI32.dll
0x00007ffb6cda0000 - 0x00007ffb6ce48000 	C:\Windows\System32\sechost.dll
0x00007ffb6c730000 - 0x00007ffb6c758000 	C:\Windows\System32\bcrypt.dll
0x00007ffb6ddd0000 - 0x00007ffb6dee5000 	C:\Windows\System32\RPCRT4.dll
0x00007ffb63d70000 - 0x00007ffb63d79000 	C:\Windows\SYSTEM32\WSOCK32.dll
0x00007ffb64490000 - 0x00007ffb6449a000 	C:\Windows\SYSTEM32\VERSION.dll
0x00007ffb65bb0000 - 0x00007ffb65be4000 	C:\Windows\SYSTEM32\WINMM.dll
0x00007ffb6daa0000 - 0x00007ffb6db11000 	C:\Windows\System32\WS2_32.dll
0x00007ffb6b340000 - 0x00007ffb6b358000 	C:\Windows\SYSTEM32\kernel.appcore.dll
0x00007ffb63720000 - 0x00007ffb6372a000 	C:\Program Files\Android\Android Studio\jbr\bin\jimage.dll
0x00007ffb69ba0000 - 0x00007ffb69dd2000 	C:\Windows\SYSTEM32\DBGHELP.DLL
0x00007ffb6dfa0000 - 0x00007ffb6e328000 	C:\Windows\System32\combase.dll
0x00007ffb6d640000 - 0x00007ffb6d717000 	C:\Windows\System32\OLEAUT32.dll
0x00007ffb63c70000 - 0x00007ffb63ca2000 	C:\Windows\SYSTEM32\dbgcore.DLL
0x00007ffb6cb40000 - 0x00007ffb6cbb9000 	C:\Windows\System32\bcryptPrimitives.dll
0x00007ffb626d0000 - 0x00007ffb626de000 	C:\Program Files\Android\Android Studio\jbr\bin\instrument.dll
0x00007ffb59b40000 - 0x00007ffb59b65000 	C:\Program Files\Android\Android Studio\jbr\bin\java.dll
0x00007ffb5b980000 - 0x00007ffb5b998000 	C:\Program Files\Android\Android Studio\jbr\bin\zip.dll
0x00007ffb6e710000 - 0x00007ffb6ef6c000 	C:\Windows\System32\SHELL32.dll
0x00007ffb6a1d0000 - 0x00007ffb6aac6000 	C:\Windows\SYSTEM32\windows.storage.dll
0x00007ffb6a090000 - 0x00007ffb6a1ce000 	C:\Windows\SYSTEM32\wintypes.dll
0x00007ffb6ce50000 - 0x00007ffb6cf45000 	C:\Windows\System32\SHCORE.dll
0x00007ffb6d720000 - 0x00007ffb6d77e000 	C:\Windows\System32\shlwapi.dll
0x00007ffb6c200000 - 0x00007ffb6c221000 	C:\Windows\SYSTEM32\profapi.dll
0x00007ffb598c0000 - 0x00007ffb598d9000 	C:\Program Files\Android\Android Studio\jbr\bin\net.dll
0x00007ffb65510000 - 0x00007ffb65646000 	C:\Windows\SYSTEM32\WINHTTP.dll
0x00007ffb6b800000 - 0x00007ffb6b869000 	C:\Windows\system32\mswsock.dll
0x00007ffb598a0000 - 0x00007ffb598b6000 	C:\Program Files\Android\Android Studio\jbr\bin\nio.dll
0x00007ffb633a0000 - 0x00007ffb633b0000 	C:\Program Files\Android\Android Studio\jbr\bin\verify.dll
0x00007ffb58fd0000 - 0x00007ffb58ff7000 	C:\Users\raiha\.gradle\native\68d5fa5c4cc2d200863cafc0d521ce42e7d3e7ee720ec0a83991735586a16f82\windows-amd64\native-platform.dll
0x00007ffb02140000 - 0x00007ffb02284000 	C:\Users\raiha\.gradle\native\e376f236ea51e6404a007f0833ffe2c6e607c4080706a723a18a27aeea778392\windows-amd64\native-platform-file-events.dll
0x00007ffb632e0000 - 0x00007ffb632e9000 	C:\Program Files\Android\Android Studio\jbr\bin\management.dll
0x00007ffb63010000 - 0x00007ffb6301b000 	C:\Program Files\Android\Android Studio\jbr\bin\management_ext.dll
0x00007ffb6ddc0000 - 0x00007ffb6ddc8000 	C:\Windows\System32\PSAPI.DLL
0x00007ffb6ba20000 - 0x00007ffb6ba3b000 	C:\Windows\SYSTEM32\CRYPTSP.dll
0x00007ffb6b300000 - 0x00007ffb6b335000 	C:\Windows\system32\rsaenh.dll
0x00007ffb6b8b0000 - 0x00007ffb6b8d8000 	C:\Windows\SYSTEM32\USERENV.dll
0x00007ffb6ba10000 - 0x00007ffb6ba1c000 	C:\Windows\SYSTEM32\CRYPTBASE.dll
0x00007ffb6ada0000 - 0x00007ffb6adcd000 	C:\Windows\SYSTEM32\IPHLPAPI.DLL
0x00007ffb6df30000 - 0x00007ffb6df39000 	C:\Windows\System32\NSI.dll
0x00007ffb65670000 - 0x00007ffb65689000 	C:\Windows\SYSTEM32\dhcpcsvc6.DLL
0x00007ffb653d0000 - 0x00007ffb653ef000 	C:\Windows\SYSTEM32\dhcpcsvc.DLL
0x00007ffb6ae10000 - 0x00007ffb6af08000 	C:\Windows\SYSTEM32\DNSAPI.dll
0x00007ffb55d90000 - 0x00007ffb55d98000 	C:\Windows\system32\wshunix.dll

dbghelp: loaded successfully - version: 4.0.5 - missing functions: none
symbol engine: initialized successfully - sym options: 0x614 - pdb path: .;C:\Program Files\Android\Android Studio\jbr\bin;C:\Windows\SYSTEM32;C:\Windows\WinSxS\amd64_microsoft.windows.common-controls_6595b64144ccf1df_6.0.22621.3527_none_270e469b73872a76;C:\Program Files\Android\Android Studio\jbr\bin\server;C:\Users\raiha\.gradle\native\68d5fa5c4cc2d200863cafc0d521ce42e7d3e7ee720ec0a83991735586a16f82\windows-amd64;C:\Users\raiha\.gradle\native\e376f236ea51e6404a007f0833ffe2c6e607c4080706a723a18a27aeea778392\windows-amd64

VM Arguments:
jvm_args: --add-opens=java.base/java.util=ALL-UNNAMED --add-opens=java.base/java.lang=ALL-UNNAMED --add-opens=java.base/java.lang.invoke=ALL-UNNAMED --add-opens=java.prefs/java.util.prefs=ALL-UNNAMED --add-opens=java.base/java.nio.charset=ALL-UNNAMED --add-opens=java.base/java.net=ALL-UNNAMED --add-opens=java.base/java.util.concurrent.atomic=ALL-UNNAMED -Xmx2048m -Dfile.encoding=UTF-8 -Duser.country=ID -Duser.language=en -Duser.variant -javaagent:C:\Users\raiha\.gradle\wrapper\dists\gradle-8.2-bin\bbg7u40eoinfdyxsxr3z4i7ta\gradle-8.2\lib\agents\gradle-instrumentation-agent-8.2.jar 
java_command: org.gradle.launcher.daemon.bootstrap.GradleDaemon 8.2
java_class_path (initial): C:\Users\raiha\.gradle\wrapper\dists\gradle-8.2-bin\bbg7u40eoinfdyxsxr3z4i7ta\gradle-8.2\lib\gradle-launcher-8.2.jar
Launcher Type: SUN_STANDARD

[Global flags]
     intx CICompilerCount                          = 4                                         {product} {ergonomic}
     uint ConcGCThreads                            = 2                                         {product} {ergonomic}
     uint G1ConcRefinementThreads                  = 8                                         {product} {ergonomic}
   size_t G1HeapRegionSize                         = 1048576                                   {product} {ergonomic}
    uintx GCDrainStackTargetSize                   = 64                                        {product} {ergonomic}
   size_t InitialHeapSize                          = 266338304                                 {product} {ergonomic}
   size_t MarkStackSize                            = 4194304                                   {product} {ergonomic}
   size_t MaxHeapSize                              = 2147483648                                {product} {command line}
   size_t MaxNewSize                               = 1287651328                                {product} {ergonomic}
   size_t MinHeapDeltaBytes                        = 1048576                                   {product} {ergonomic}
   size_t MinHeapSize                              = 8388608                                   {product} {ergonomic}
    uintx NonNMethodCodeHeapSize                   = 5839372                                {pd product} {ergonomic}
    uintx NonProfiledCodeHeapSize                  = 122909434                              {pd product} {ergonomic}
    uintx ProfiledCodeHeapSize                     = 122909434                              {pd product} {ergonomic}
    uintx ReservedCodeCacheSize                    = 251658240                              {pd product} {ergonomic}
     bool SegmentedCodeCache                       = true                                      {product} {ergonomic}
   size_t SoftMaxHeapSize                          = 2147483648                             {manageable} {ergonomic}
     bool UseCompressedClassPointers               = true                           {product lp64_product} {ergonomic}
     bool UseCompressedOops                        = true                           {product lp64_product} {ergonomic}
     bool UseG1GC                                  = true                                      {product} {ergonomic}
     bool UseLargePagesIndividualAllocation        = false                                  {pd product} {ergonomic}

Logging:
Log output configuration:
 #0: stdout all=warning uptime,level,tags
 #1: stderr all=off uptime,level,tags

Environment Variables:
PATH=C:\Program Files\Common Files\Oracle\Java\javapath;C:\Python312\Scripts\;C:\Python312\;C:\Windows\system32;C:\Windows;C:\Windows\System32\Wbem;C:\Windows\System32\WindowsPowerShell\v1.0\;C:\Windows\System32\OpenSSH\;C:\Program Files (x86)\NVIDIA Corporation\PhysX\Common;C:\Program Files\NVIDIA Corporation\NVIDIA NvDLISR;C:\Program Files\nodejs\;C:\ProgramData\chocolatey\bin;C:\Program Files\Git\cmd;C:\Program Files\dotnet\;C:\gradle-8.6\bin;C:\Program Files\Cloudflare\Cloudflare WARP\;C:\Program Files\MySQL\MySQL Shell 8.0\bin\;C:\Users\raiha\AppData\Local\Microsoft\WindowsApps;;C:\Users\raiha\AppData\Local\Programs\Microsoft VS Code\bin;C:\Users\raiha\AppData\Roaming\npm
USERNAME=raiha
OS=Windows_NT
PROCESSOR_IDENTIFIER=Intel64 Family 6 Model 165 Stepping 2, GenuineIntel
TMP=C:\Users\raiha\AppData\Local\Temp
TEMP=C:\Users\raiha\AppData\Local\Temp


JNI global refs:
JNI global refs: 23, weak refs: 0

JNI global refs memory usage: 843, weak refs: 841

OOME stack traces (most recent first):
Classloader memory used:
Loader bootstrap                                                                       : 1807K
Loader org.gradle.internal.classloader.VisitableURLClassLoader                         : 1088K
Loader org.gradle.initialization.MixInLegacyTypesClassLoader                           : 110K
Loader jdk.internal.loader.ClassLoaders$AppClassLoader                                 : 28352B
Loader jdk.internal.loader.ClassLoaders$PlatformClassLoader                            : 14823B
Loader jdk.internal.reflect.DelegatingClassLoader                                      : 2231B

Classes loaded by more than one classloader:
Class org.gradle.internal.installation.GradleInstallation                             : loaded 2 times (x 73B)
Class org.gradle.internal.classpath.ClassPath                                         : loaded 2 times (x 68B)
Class org.gradle.api.internal.classpath.DefaultModuleRegistry                         : loaded 2 times (x 84B)
Class org.gradle.api.Action                                                           : loaded 2 times (x 68B)
Class org.gradle.api.internal.DefaultClassPathProvider                                : loaded 2 times (x 74B)
Class org.gradle.internal.installation.GradleInstallation$1                           : loaded 2 times (x 73B)
Class org.gradle.internal.classloader.FilteringClassLoader                            : loaded 2 times (x 102B)
Class org.gradle.internal.classpath.DefaultClassPath$ImmutableUniqueList$Builder      : loaded 2 times (x 73B)
Class org.gradle.internal.classloader.ClassLoaderVisitor                              : loaded 2 times (x 74B)
Class org.gradle.internal.service.DefaultServiceLocator                               : loaded 2 times (x 81B)
Class org.gradle.internal.service.UnknownServiceException                             : loaded 2 times (x 81B)
Class org.gradle.internal.classloader.VisitableURLClassLoader$Spec                    : loaded 2 times (x 72B)
Class org.gradle.api.GradleException                                                  : loaded 2 times (x 80B)
Class org.gradle.api.internal.classpath.ModuleRegistry                                : loaded 2 times (x 68B)
Class org.gradle.api.internal.ClassPathProvider                                       : loaded 2 times (x 68B)
Class org.gradle.internal.classloader.ClasspathUtil$1                                 : loaded 2 times (x 74B)
Class org.gradle.internal.classloader.ClassLoaderFactory                              : loaded 2 times (x 68B)
Class org.gradle.api.internal.classpath.ManifestUtil                                  : loaded 2 times (x 69B)
Class org.gradle.api.specs.Spec                                                       : loaded 2 times (x 68B)
Class org.gradle.internal.IoActions                                                   : loaded 2 times (x 69B)
Class org.gradle.api.internal.classpath.EffectiveClassPath                            : loaded 2 times (x 88B)
Class org.gradle.internal.installation.CurrentGradleInstallation                      : loaded 2 times (x 71B)
Class org.gradle.internal.agents.InstrumentingClassLoader                             : loaded 2 times (x 68B)
Class org.gradle.internal.installation.CurrentGradleInstallationLocator               : loaded 2 times (x 69B)
Class org.gradle.api.internal.classpath.Module                                        : loaded 2 times (x 68B)
Class org.gradle.internal.service.CachingServiceLocator                               : loaded 2 times (x 80B)
Class org.gradle.internal.classpath.DefaultClassPath                                  : loaded 2 times (x 88B)
Class org.gradle.internal.classloader.SystemClassLoaderSpec                           : loaded 2 times (x 69B)
Class org.gradle.api.UncheckedIOException                                             : loaded 2 times (x 80B)
Class org.gradle.internal.classloader.ClasspathUtil                                   : loaded 2 times (x 69B)
Class org.gradle.api.internal.DefaultClassPathRegistry                                : loaded 2 times (x 74B)
Class org.gradle.api.internal.classpath.DefaultModuleRegistry$DefaultModule           : loaded 2 times (x 84B)
Class org.gradle.api.internal.classpath.UnknownModuleException                        : loaded 2 times (x 80B)
Class org.gradle.internal.service.ServiceLookupException                              : loaded 2 times (x 80B)
Class org.gradle.cache.GlobalCache                                                    : loaded 2 times (x 68B)
Class [Lorg.gradle.api.internal.ClassPathProvider;                                    : loaded 2 times (x 67B)
Class org.gradle.util.internal.GUtil                                                  : loaded 2 times (x 69B)
Class org.gradle.internal.classloader.ClassLoaderSpec                                 : loaded 2 times (x 69B)
Class org.gradle.internal.classloader.VisitableURLClassLoader                         : loaded 2 times (x 114B)
Class org.gradle.internal.Cast                                                        : loaded 2 times (x 69B)
Class org.gradle.api.internal.ClassPathRegistry                                       : loaded 2 times (x 68B)
Class org.gradle.internal.classloader.VisitableURLClassLoader$InstrumentingVisitableURLClassLoader: loaded 2 times (x 120B)
Class org.gradle.internal.classloader.ClassLoaderHierarchy                            : loaded 2 times (x 68B)
Class org.gradle.internal.InternalTransformer                                         : loaded 2 times (x 68B)
Class org.gradle.internal.service.ServiceLocator                                      : loaded 2 times (x 68B)
Class org.gradle.internal.classpath.DefaultClassPath$ImmutableUniqueList              : loaded 2 times (x 159B)
Class org.gradle.internal.classpath.TransformedClassPath                              : loaded 2 times (x 94B)


---------------  S Y S T E M  ---------------

OS:
 Windows 11 , 64 bit Build 22621 (10.0.22621.3527)
OS uptime: 2 days 15:48 hours
Hyper-V role detected

CPU: total 8 (initial active 8) (4 cores per cpu, 2 threads per core) family 6 model 165 stepping 2 microcode 0xe0, cx8, cmov, fxsr, ht, mmx, 3dnowpref, sse, sse2, sse3, ssse3, sse4.1, sse4.2, popcnt, lzcnt, tsc, tscinvbit, avx, avx2, aes, erms, clmul, bmi1, bmi2, adx, fma, vzeroupper, clflush, clflushopt, hv

Memory: 4k page, system-wide physical 16219M (2337M free)
TotalPageFile size 44246M (AvailPageFile size 9M)
current process WorkingSet (physical memory assigned to process): 151M, peak: 171M
current process commit charge ("private bytes"): 216M, peak: 404M

vm_info: OpenJDK 64-Bit Server VM (17.0.7+0-b2043.56-10550314) for windows-amd64 JRE (17.0.7+0-b2043.56-10550314), built on Jul 24 2023 18:27:45 by "androidbuild" with MS VC++ 16.10 / 16.11 (VS2019)

END.
